<?xml version="1.0" encoding="UTF-8"?>
<!-- Generated by org.testng.reporters.JUnitXMLReporter -->
<testsuite ignored="24" hostname="vibhakumari" failures="7" tests="12" name="Test" time="189.625" errors="0" timestamp="11 Feb 2021 17:26:18 GMT">
  <testcase classname="com.Base.Driver" name="@AfterMethod closeBrowser" time="0.007">
    <failure type="org.openqa.selenium.NoSuchWindowException" message="no such window: target window already closed
from unknown error: web view not found
  (Session info: headless chrome=88.0.4324.150)
Build info: version: &amp;apos;3.141.59&amp;apos;, revision: &amp;apos;e82be7d358&amp;apos;, time: &amp;apos;2018-11-14T08:17:03&amp;apos;
System info: host: &amp;apos;VIBHAKUMARI&amp;apos;, ip: &amp;apos;192.168.1.12&amp;apos;, os.name: &amp;apos;Windows 10&amp;apos;, os.arch: &amp;apos;amd64&amp;apos;, os.version: &amp;apos;10.0&amp;apos;, java.version: &amp;apos;14.0.2&amp;apos;
Driver info: org.openqa.selenium.chrome.ChromeDriver
Capabilities {acceptInsecureCerts: false, browserName: chrome, browserVersion: 88.0.4324.150, chrome: {chromedriverVersion: 88.0.4324.96 (68dba2d8a0b14..., userDataDir: C:\Users\VIBHAK~1\AppData\L...}, goog:chromeOptions: {debuggerAddress: localhost:54430}, javascriptEnabled: true, networkConnectionEnabled: false, pageLoadStrategy: normal, platform: WINDOWS, platformName: WINDOWS, proxy: Proxy(), setWindowRect: true, strictFileInteractability: false, timeouts: {implicit: 0, pageLoad: 300000, script: 30000}, unhandledPromptBehavior: dismiss and notify, webauthn:extension:largeBlob: true, webauthn:virtualAuthenticators: true}
Session ID: 590de05d09a9d8d657c8bbbb907d8d57">
      <![CDATA[org.openqa.selenium.NoSuchWindowException: no such window: target window already closed
from unknown error: web view not found
  (Session info: headless chrome=88.0.4324.150)
Build info: version: '3.141.59', revision: 'e82be7d358', time: '2018-11-14T08:17:03'
System info: host: 'VIBHAKUMARI', ip: '192.168.1.12', os.name: 'Windows 10', os.arch: 'amd64', os.version: '10.0', java.version: '14.0.2'
Driver info: org.openqa.selenium.chrome.ChromeDriver
Capabilities {acceptInsecureCerts: false, browserName: chrome, browserVersion: 88.0.4324.150, chrome: {chromedriverVersion: 88.0.4324.96 (68dba2d8a0b14..., userDataDir: C:\Users\VIBHAK~1\AppData\L...}, goog:chromeOptions: {debuggerAddress: localhost:54430}, javascriptEnabled: true, networkConnectionEnabled: false, pageLoadStrategy: normal, platform: WINDOWS, platformName: WINDOWS, proxy: Proxy(), setWindowRect: true, strictFileInteractability: false, timeouts: {implicit: 0, pageLoad: 300000, script: 30000}, unhandledPromptBehavior: dismiss and notify, webauthn:extension:largeBlob: true, webauthn:virtualAuthenticators: true}
Session ID: 590de05d09a9d8d657c8bbbb907d8d57
at org.openqa.selenium.remote.http.W3CHttpResponseCodec.createException(W3CHttpResponseCodec.java:187)
at org.openqa.selenium.remote.http.W3CHttpResponseCodec.decode(W3CHttpResponseCodec.java:122)
at org.openqa.selenium.remote.http.W3CHttpResponseCodec.decode(W3CHttpResponseCodec.java:49)
at org.openqa.selenium.remote.HttpCommandExecutor.execute(HttpCommandExecutor.java:158)
at org.openqa.selenium.remote.service.DriverCommandExecutor.execute(DriverCommandExecutor.java:83)
at org.openqa.selenium.remote.RemoteWebDriver.execute(RemoteWebDriver.java:552)
at org.openqa.selenium.remote.RemoteWebDriver.execute(RemoteWebDriver.java:609)
at org.openqa.selenium.remote.RemoteWebDriver.getScreenshotAs(RemoteWebDriver.java:295)
at com.Base.ScreenShot.getScreenshot(ScreenShot.java:19)
at com.Base.Driver.closeBrowser(Driver.java:173)
... Removed 33 stack frames]]>
    </failure>
  </testcase> <!-- @AfterMethod closeBrowser -->
  <testcase classname="com.Base.Driver" name="@AfterClass QuitDriver" time="0.0">
    <skipped/>
  </testcase> <!-- @AfterClass QuitDriver -->
  <testcase classname="com.tests.TermsAndCondition_Test" name="TAndC" time="6.082"/>
  <testcase classname="com.tests.TrackBus_Test" name="TrackBus" time="60.647">
    <failure type="org.openqa.selenium.WebDriverException" message="unknown error: unable to discover open pages
Build info: version: &amp;apos;3.141.59&amp;apos;, revision: &amp;apos;e82be7d358&amp;apos;, time: &amp;apos;2018-11-14T08:17:03&amp;apos;
System info: host: &amp;apos;VIBHAKUMARI&amp;apos;, ip: &amp;apos;192.168.1.12&amp;apos;, os.name: &amp;apos;Windows 10&amp;apos;, os.arch: &amp;apos;amd64&amp;apos;, os.version: &amp;apos;10.0&amp;apos;, java.version: &amp;apos;14.0.2&amp;apos;
Driver info: driver.version: Driver
remote stacktrace: Backtrace:
	GetHandleVerifier [0x0094B963+483]
	GetHandleVerifier [0x0094B941+449]
	GetHandleVerifier [0x00CF3308+3832712]
	GetHandleVerifier [0x00D0D51B+3939739]
	GetHandleVerifier [0x00D09AFB+3924859]
	GetHandleVerifier [0x00D07D9C+3917340]
	GetHandleVerifier [0x00D2E7FE+4075646]
	GetHandleVerifier [0x00D2E56C+4074988]
	GetHandleVerifier [0x00D2B2EB+4062059]
	GetHandleVerifier [0x00D0ED14+3945876]
	GetHandleVerifier [0x00D0FBCE+3949646]
	GetHandleVerifier [0x00D0FB59+3949529]
	Ordinal0 [0x0090B5CC+46540]
	Ordinal0 [0x00909F53+40787]
	Ordinal0 [0x00909B12+39698]
	GetHandleVerifier [0x00C11468+2907368]
	GetHandleVerifier [0x00A571EE+1096302]
	GetHandleVerifier [0x00A13E8D+821005]
	GetHandleVerifier [0x00A1396B+819691]
	GetHandleVerifier [0x00A13881+819457]
	GetHandleVerifier [0x00A3F463+998627]
	BaseThreadInitThunk [0x761D6359+25]
	RtlGetAppContainerNamedObjectPath [0x777D8944+228]
	RtlGetAppContainerNamedObjectPath [0x777D8914+180]
">
      <![CDATA[org.openqa.selenium.WebDriverException: unknown error: unable to discover open pages
Build info: version: '3.141.59', revision: 'e82be7d358', time: '2018-11-14T08:17:03'
System info: host: 'VIBHAKUMARI', ip: '192.168.1.12', os.name: 'Windows 10', os.arch: 'amd64', os.version: '10.0', java.version: '14.0.2'
Driver info: driver.version: Driver
remote stacktrace: Backtrace:
GetHandleVerifier [0x0094B963+483]
GetHandleVerifier [0x0094B941+449]
GetHandleVerifier [0x00CF3308+3832712]
GetHandleVerifier [0x00D0D51B+3939739]
GetHandleVerifier [0x00D09AFB+3924859]
GetHandleVerifier [0x00D07D9C+3917340]
GetHandleVerifier [0x00D2E7FE+4075646]
GetHandleVerifier [0x00D2E56C+4074988]
GetHandleVerifier [0x00D2B2EB+4062059]
GetHandleVerifier [0x00D0ED14+3945876]
GetHandleVerifier [0x00D0FBCE+3949646]
GetHandleVerifier [0x00D0FB59+3949529]
Ordinal0 [0x0090B5CC+46540]
Ordinal0 [0x00909F53+40787]
Ordinal0 [0x00909B12+39698]
GetHandleVerifier [0x00C11468+2907368]
GetHandleVerifier [0x00A571EE+1096302]
GetHandleVerifier [0x00A13E8D+821005]
GetHandleVerifier [0x00A1396B+819691]
GetHandleVerifier [0x00A13881+819457]
GetHandleVerifier [0x00A3F463+998627]
BaseThreadInitThunk [0x761D6359+25]
RtlGetAppContainerNamedObjectPath [0x777D8944+228]
RtlGetAppContainerNamedObjectPath [0x777D8914+180]

at org.openqa.selenium.remote.W3CHandshakeResponse.lambda$errorHandler$0(W3CHandshakeResponse.java:62)
at org.openqa.selenium.remote.HandshakeResponse.lambda$getResponseFunction$0(HandshakeResponse.java:30)
at org.openqa.selenium.remote.ProtocolHandshake.lambda$createSession$0(ProtocolHandshake.java:126)
at java.base/java.util.stream.ReferencePipeline$3$1.accept(ReferencePipeline.java:195)
at java.base/java.util.Spliterators$ArraySpliterator.tryAdvance(Spliterators.java:958)
at java.base/java.util.stream.ReferencePipeline.forEachWithCancel(ReferencePipeline.java:127)
at java.base/java.util.stream.AbstractPipeline.copyIntoWithCancel(AbstractPipeline.java:502)
at java.base/java.util.stream.AbstractPipeline.copyInto(AbstractPipeline.java:488)
at java.base/java.util.stream.AbstractPipeline.wrapAndCopyInto(AbstractPipeline.java:474)
at java.base/java.util.stream.FindOps$FindOp.evaluateSequential(FindOps.java:150)
at java.base/java.util.stream.AbstractPipeline.evaluate(AbstractPipeline.java:234)
at java.base/java.util.stream.ReferencePipeline.findFirst(ReferencePipeline.java:543)
at org.openqa.selenium.remote.ProtocolHandshake.createSession(ProtocolHandshake.java:128)
at org.openqa.selenium.remote.ProtocolHandshake.createSession(ProtocolHandshake.java:74)
at org.openqa.selenium.remote.HttpCommandExecutor.execute(HttpCommandExecutor.java:136)
at org.openqa.selenium.remote.service.DriverCommandExecutor.execute(DriverCommandExecutor.java:83)
at org.openqa.selenium.remote.RemoteWebDriver.execute(RemoteWebDriver.java:552)
at org.openqa.selenium.remote.RemoteWebDriver.startSession(RemoteWebDriver.java:213)
at org.openqa.selenium.remote.RemoteWebDriver.<init>(RemoteWebDriver.java:131)
at org.openqa.selenium.chrome.ChromeDriver.<init>(ChromeDriver.java:181)
at org.openqa.selenium.chrome.ChromeDriver.<init>(ChromeDriver.java:168)
at org.openqa.selenium.chrome.ChromeDriver.<init>(ChromeDriver.java:157)
at com.Base.Driver.driverInitialize(Driver.java:92)
at com.tests.TrackBus_Test.TrackBus(TrackBus_Test.java:32)
... Removed 30 stack frames]]>
    </failure>
  </testcase> <!-- TrackBus -->
  <testcase classname="com.tests.SocialMedia_Test" name="SocialMedia" time="7.727"/>
  <testcase classname="com.tests.UpdateProfile_Test" name="UpdateProfile" time="26.549">
    <failure type="org.openqa.selenium.NoSuchElementException" message="no such element: Unable to locate element: {&amp;quot;method&amp;quot;:&amp;quot;xpath&amp;quot;,&amp;quot;selector&amp;quot;:&amp;quot;//li[contains(text(),&amp;apos;My Profile&amp;apos;)]&amp;quot;}
  (Session info: headless chrome=88.0.4324.150)
For documentation on this error, please visit: https://www.seleniumhq.org/exceptions/no_such_element.html
Build info: version: &amp;apos;3.141.59&amp;apos;, revision: &amp;apos;e82be7d358&amp;apos;, time: &amp;apos;2018-11-14T08:17:03&amp;apos;
System info: host: &amp;apos;VIBHAKUMARI&amp;apos;, ip: &amp;apos;192.168.1.12&amp;apos;, os.name: &amp;apos;Windows 10&amp;apos;, os.arch: &amp;apos;amd64&amp;apos;, os.version: &amp;apos;10.0&amp;apos;, java.version: &amp;apos;14.0.2&amp;apos;
Driver info: org.openqa.selenium.chrome.ChromeDriver
Capabilities {acceptInsecureCerts: false, browserName: chrome, browserVersion: 88.0.4324.150, chrome: {chromedriverVersion: 88.0.4324.96 (68dba2d8a0b14..., userDataDir: C:\Users\VIBHAK~1\AppData\L...}, goog:chromeOptions: {debuggerAddress: localhost:54640}, javascriptEnabled: true, networkConnectionEnabled: false, pageLoadStrategy: normal, platform: WINDOWS, platformName: WINDOWS, proxy: Proxy(), setWindowRect: true, strictFileInteractability: false, timeouts: {implicit: 0, pageLoad: 300000, script: 30000}, unhandledPromptBehavior: dismiss and notify, webauthn:extension:largeBlob: true, webauthn:virtualAuthenticators: true}
Session ID: 98a5b13df2b7fd90219b7158bcafaee8
*** Element info: {Using=xpath, value=//li[contains(text(),&amp;apos;My Profile&amp;apos;)]}">
      <![CDATA[org.openqa.selenium.NoSuchElementException: no such element: Unable to locate element: {"method":"xpath","selector":"//li[contains(text(),'My Profile')]"}
  (Session info: headless chrome=88.0.4324.150)
For documentation on this error, please visit: https://www.seleniumhq.org/exceptions/no_such_element.html
Build info: version: '3.141.59', revision: 'e82be7d358', time: '2018-11-14T08:17:03'
System info: host: 'VIBHAKUMARI', ip: '192.168.1.12', os.name: 'Windows 10', os.arch: 'amd64', os.version: '10.0', java.version: '14.0.2'
Driver info: org.openqa.selenium.chrome.ChromeDriver
Capabilities {acceptInsecureCerts: false, browserName: chrome, browserVersion: 88.0.4324.150, chrome: {chromedriverVersion: 88.0.4324.96 (68dba2d8a0b14..., userDataDir: C:\Users\VIBHAK~1\AppData\L...}, goog:chromeOptions: {debuggerAddress: localhost:54640}, javascriptEnabled: true, networkConnectionEnabled: false, pageLoadStrategy: normal, platform: WINDOWS, platformName: WINDOWS, proxy: Proxy(), setWindowRect: true, strictFileInteractability: false, timeouts: {implicit: 0, pageLoad: 300000, script: 30000}, unhandledPromptBehavior: dismiss and notify, webauthn:extension:largeBlob: true, webauthn:virtualAuthenticators: true}
Session ID: 98a5b13df2b7fd90219b7158bcafaee8
*** Element info: {Using=xpath, value=//li[contains(text(),'My Profile')]}
at org.openqa.selenium.remote.http.W3CHttpResponseCodec.createException(W3CHttpResponseCodec.java:187)
at org.openqa.selenium.remote.http.W3CHttpResponseCodec.decode(W3CHttpResponseCodec.java:122)
at org.openqa.selenium.remote.http.W3CHttpResponseCodec.decode(W3CHttpResponseCodec.java:49)
at org.openqa.selenium.remote.HttpCommandExecutor.execute(HttpCommandExecutor.java:158)
at org.openqa.selenium.remote.service.DriverCommandExecutor.execute(DriverCommandExecutor.java:83)
at org.openqa.selenium.remote.RemoteWebDriver.execute(RemoteWebDriver.java:552)
at org.openqa.selenium.remote.RemoteWebDriver.findElement(RemoteWebDriver.java:323)
at org.openqa.selenium.remote.RemoteWebDriver.findElementByXPath(RemoteWebDriver.java:428)
at org.openqa.selenium.By$ByXPath.findElement(By.java:353)
at org.openqa.selenium.remote.RemoteWebDriver.findElement(RemoteWebDriver.java:315)
at org.openqa.selenium.support.pagefactory.DefaultElementLocator.findElement(DefaultElementLocator.java:69)
at org.openqa.selenium.support.pagefactory.internal.LocatingElementHandler.invoke(LocatingElementHandler.java:38)
at com.sun.proxy.$Proxy14.click(Unknown Source)
at com.Pages.SignIn_Page.clickListProfile(SignIn_Page.java:126)
at com.tests.UpdateProfile_Test.UpdateProfile(UpdateProfile_Test.java:98)
... Removed 30 stack frames]]>
    </failure>
  </testcase> <!-- UpdateProfile -->
  <testcase classname="com.tests.Sites_Test" name="get_Title" time="25.446"/>
  <testcase classname="com.tests.ManageBooking_Test" name="Cancel" time="5.432">
    <failure type="java.lang.AssertionError" message="expected [Cancel Tichgjket - redBus] but found [Cancel Ticket - redBus]">
      <![CDATA[java.lang.AssertionError: expected [Cancel Tichgjket - redBus] but found [Cancel Ticket - redBus]
at com.tests.ManageBooking_Test.Cancel(ManageBooking_Test.java:52)
... Removed 31 stack frames]]>
    </failure>
  </testcase> <!-- Cancel -->
  <testcase classname="com.tests.ManageBooking_Test" name="Reschedule" time="4.289">
    <failure type="java.lang.AssertionError" message="expected [true] but found [false]">
      <![CDATA[java.lang.AssertionError: expected [true] but found [false]
at com.tests.ManageBooking_Test.Reschedule(ManageBooking_Test.java:84)
... Removed 29 stack frames]]>
    </failure>
  </testcase> <!-- Reschedule -->
  <testcase classname="com.tests.ManageBooking_Test" name="Show_MyTicket" time="6.412">
    <failure type="java.lang.AssertionError" message="expected [false] but found [true]">
      <![CDATA[java.lang.AssertionError: expected [false] but found [true]
at com.tests.ManageBooking_Test.Show_MyTicket(ManageBooking_Test.java:112)
... Removed 31 stack frames]]>
    </failure>
  </testcase> <!-- Show_MyTicket -->
  <testcase classname="com.tests.ManageBooking_Test" name="SmS" time="4.69">
    <failure type="java.lang.AssertionError" message="expected [false] but found [true]">
      <![CDATA[java.lang.AssertionError: expected [false] but found [true]
at com.tests.ManageBooking_Test.SmS(ManageBooking_Test.java:140)
... Removed 31 stack frames]]>
    </failure>
  </testcase> <!-- SmS -->
  <testcase classname="com.tests.SignIn_Test" name="Valid_SignIn" time="16.368"/>
  <testcase classname="com.tests.BusHireOperator_Test" name="BusHireOperator" time="5.978"/>
  <testcase classname="com.tests.Invalid_SignIn" name="invalid_SignIn" time="16.691">
    <failure type="java.lang.AssertionError" message="expected [false] but found [true]">
      <![CDATA[java.lang.AssertionError: expected [false] but found [true]
at com.tests.Invalid_SignIn.invalid_SignIn(Invalid_SignIn.java:58)
... Removed 31 stack frames]]>
    </failure>
  </testcase> <!-- invalid_SignIn -->
  <testcase classname="com.Base.Driver" name="@AfterTest endReport" time="0.0">
    <ignored/>
  </testcase> <!-- @AfterTest endReport -->
  <testcase classname="com.Base.Driver" name="@AfterTest endReport" time="0.0">
    <ignored/>
  </testcase> <!-- @AfterTest endReport -->
  <testcase classname="com.Base.Driver" name="@AfterTest endReport" time="0.0">
    <ignored/>
  </testcase> <!-- @AfterTest endReport -->
  <testcase classname="com.Base.Driver" name="@AfterTest endReport" time="0.0">
    <ignored/>
  </testcase> <!-- @AfterTest endReport -->
  <testcase classname="com.Base.Driver" name="@AfterTest endReport" time="0.0">
    <ignored/>
  </testcase> <!-- @AfterTest endReport -->
  <testcase classname="com.Base.Driver" name="@AfterTest endReport" time="0.0">
    <ignored/>
  </testcase> <!-- @AfterTest endReport -->
  <testcase classname="com.Base.Driver" name="@AfterTest endReport" time="0.0">
    <ignored/>
  </testcase> <!-- @AfterTest endReport -->
  <testcase classname="com.Base.Driver" name="@AfterTest endReport" time="0.0">
    <ignored/>
  </testcase> <!-- @AfterTest endReport -->
  <testcase classname="com.Base.Driver" name="@AfterTest endReport" time="0.0">
    <ignored/>
  </testcase> <!-- @AfterTest endReport -->
  <testcase classname="com.Base.Driver" name="@AfterTest endReport" time="0.0">
    <ignored/>
  </testcase> <!-- @AfterTest endReport -->
  <testcase classname="com.Base.Driver" name="@AfterTest endReport" time="0.0">
    <ignored/>
  </testcase> <!-- @AfterTest endReport -->
  <testcase classname="com.Base.Driver" name="@AfterTest endReport" time="0.0">
    <ignored/>
  </testcase> <!-- @AfterTest endReport -->
  <testcase classname="com.Base.Driver" name="@BeforeTest setExtent" time="0.0">
    <ignored/>
  </testcase> <!-- @BeforeTest setExtent -->
  <testcase classname="com.Base.Driver" name="@BeforeTest setExtent" time="0.0">
    <ignored/>
  </testcase> <!-- @BeforeTest setExtent -->
  <testcase classname="com.Base.Driver" name="@BeforeTest setExtent" time="0.0">
    <ignored/>
  </testcase> <!-- @BeforeTest setExtent -->
  <testcase classname="com.Base.Driver" name="@BeforeTest setExtent" time="0.0">
    <ignored/>
  </testcase> <!-- @BeforeTest setExtent -->
  <testcase classname="com.Base.Driver" name="@BeforeTest setExtent" time="0.0">
    <ignored/>
  </testcase> <!-- @BeforeTest setExtent -->
  <testcase classname="com.Base.Driver" name="@BeforeTest setExtent" time="0.0">
    <ignored/>
  </testcase> <!-- @BeforeTest setExtent -->
  <testcase classname="com.Base.Driver" name="@BeforeTest setExtent" time="0.0">
    <ignored/>
  </testcase> <!-- @BeforeTest setExtent -->
  <testcase classname="com.Base.Driver" name="@BeforeTest setExtent" time="0.0">
    <ignored/>
  </testcase> <!-- @BeforeTest setExtent -->
  <testcase classname="com.Base.Driver" name="@BeforeTest setExtent" time="0.0">
    <ignored/>
  </testcase> <!-- @BeforeTest setExtent -->
  <testcase classname="com.Base.Driver" name="@BeforeTest setExtent" time="0.0">
    <ignored/>
  </testcase> <!-- @BeforeTest setExtent -->
  <testcase classname="com.Base.Driver" name="@BeforeTest setExtent" time="0.0">
    <ignored/>
  </testcase> <!-- @BeforeTest setExtent -->
  <testcase classname="com.Base.Driver" name="@BeforeTest setExtent" time="0.0">
    <ignored/>
  </testcase> <!-- @BeforeTest setExtent -->
</testsuite> <!-- Test -->
