<!DOCTYPE html PUBLIC "-//W3C//DTD XHTML 1.1//EN" "http://www.w3.org/TR/xhtml11/DTD/xhtml11.dtd">
<html xmlns="http://www.w3.org/1999/xhtml">
<head>
<meta http-equiv="content-type" content="text/html; charset=UTF-8"/>
<title>TestNG Report</title>
<style type="text/css">table {margin-bottom:10px;border-collapse:collapse;empty-cells:show}th,td {border:1px solid #009;padding:.25em .5em}th {vertical-align:bottom}td {vertical-align:top}table a {font-weight:bold}.stripe td {background-color: #E6EBF9}.num {text-align:right}.passedodd td {background-color: #3F3}.passedeven td {background-color: #0A0}.skippedodd td {background-color: #DDD}.skippedeven td {background-color: #CCC}.failedodd td,.attn {background-color: #F33}.failedeven td,.stripe .attn {background-color: #D00}.stacktrace {white-space:pre;font-family:monospace}.totop {font-size:85%;text-align:center;border-bottom:2px solid #000}.invisible {display:none}</style>
</head>
<body>
<table>
<tr><th>Test</th><th># Passed</th><th># Skipped</th><th># Failed</th><th>Time (ms)</th><th>Included Groups</th><th>Excluded Groups</th></tr>
<tr><th colspan="7">Suite</th></tr>
<tr><td><a href="#t0">Test</a></td><td class="num">6</td><td class="num">0</td><td class="num attn">6</td><td class="num">124,158</td><td></td><td></td></tr>
</table>
<table id='summary'><thead><tr><th>Class</th><th>Method</th><th>Start</th><th>Time (ms)</th></tr></thead><tbody><tr><th colspan="4">Suite</th></tr></tbody><tbody id="t0"><tr><th colspan="4">Test &#8212; failed</th></tr><tr class="failedeven"><td rowspan="1">com.tests.Invalid_SignIn</td><td><a href="#m0">invalid_SignIn</a></td><td rowspan="1">1613066159596</td><td rowspan="1">18256</td></tr><tr class="failedodd"><td rowspan="4">com.tests.ManageBooking_Test</td><td><a href="#m1">Cancel</a></td><td rowspan="1">1613066111159</td><td rowspan="1">6868</td></tr><tr class="failedodd"><td><a href="#m2">Reschedule</a></td><td rowspan="1">1613066118335</td><td rowspan="1">4295</td></tr><tr class="failedodd"><td><a href="#m3">Show_MyTicket</a></td><td rowspan="1">1613066122932</td><td rowspan="1">6679</td></tr><tr class="failedodd"><td><a href="#m4">SmS</a></td><td rowspan="1">1613066129913</td><td rowspan="1">6338</td></tr><tr class="failedeven"><td rowspan="1">com.tests.UpdateProfile_Test</td><td><a href="#m5">UpdateProfile</a></td><td rowspan="1">1613066075333</td><td rowspan="1">27020</td></tr><tr><th colspan="4">Test &#8212; passed</th></tr><tr class="passedeven"><td rowspan="1">com.tests.BusHireOperator_Test</td><td><a href="#m6">BusHireOperator</a></td><td rowspan="1">1613066153180</td><td rowspan="1">6401</td></tr><tr class="passedodd"><td rowspan="1">com.tests.SignIn_Test</td><td><a href="#m7">Valid_SignIn</a></td><td rowspan="1">1613066136623</td><td rowspan="1">16526</td></tr><tr class="passedeven"><td rowspan="1">com.tests.Sites_Test</td><td><a href="#m8">get_Title</a></td><td rowspan="1">1613066102956</td><td rowspan="1">8075</td></tr><tr class="passedodd"><td rowspan="1">com.tests.SocialMedia_Test</td><td><a href="#m9">SocialMedia</a></td><td rowspan="1">1613066067755</td><td rowspan="1">7499</td></tr><tr class="passedeven"><td rowspan="1">com.tests.TermsAndCondition_Test</td><td><a href="#m10">TAndC</a></td><td rowspan="1">1613066054784</td><td rowspan="1">5779</td></tr><tr class="passedodd"><td rowspan="1">com.tests.TrackBus_Test</td><td><a href="#m11">TrackBus</a></td><td rowspan="1">1613066060580</td><td rowspan="1">7140</td></tr></tbody>
</table>
<h2>Test</h2><h3 id="m0">com.tests.Invalid_SignIn#invalid_SignIn</h3><table class="result"><tr><th>Exception</th></tr><tr><td><div class="stacktrace">java.lang.AssertionError: expected [false] but found [true]
	at com.tests.Invalid_SignIn.invalid_SignIn(Invalid_SignIn.java:58)
... Removed 35 stack frames</div></td></tr></table><p class="totop"><a href="#summary">back to summary</a></p>
<h3 id="m1">com.tests.ManageBooking_Test#Cancel</h3><table class="result"><tr><th>Exception</th></tr><tr><td><div class="stacktrace">java.lang.AssertionError: expected [Cancel Tichgjket - redBus] but found [Cancel Ticket - redBus]
	at com.tests.ManageBooking_Test.Cancel(ManageBooking_Test.java:52)
... Removed 35 stack frames</div></td></tr></table><p class="totop"><a href="#summary">back to summary</a></p>
<h3 id="m2">com.tests.ManageBooking_Test#Reschedule</h3><table class="result"><tr><th>Exception</th></tr><tr><td><div class="stacktrace">java.lang.AssertionError: expected [true] but found [false]
	at com.tests.ManageBooking_Test.Reschedule(ManageBooking_Test.java:84)
... Removed 33 stack frames</div></td></tr></table><p class="totop"><a href="#summary">back to summary</a></p>
<h3 id="m3">com.tests.ManageBooking_Test#Show_MyTicket</h3><table class="result"><tr><th>Exception</th></tr><tr><td><div class="stacktrace">java.lang.AssertionError: expected [false] but found [true]
	at com.tests.ManageBooking_Test.Show_MyTicket(ManageBooking_Test.java:112)
... Removed 35 stack frames</div></td></tr></table><p class="totop"><a href="#summary">back to summary</a></p>
<h3 id="m4">com.tests.ManageBooking_Test#SmS</h3><table class="result"><tr><th>Exception</th></tr><tr><td><div class="stacktrace">java.lang.AssertionError: expected [false] but found [true]
	at com.tests.ManageBooking_Test.SmS(ManageBooking_Test.java:140)
... Removed 35 stack frames</div></td></tr></table><p class="totop"><a href="#summary">back to summary</a></p>
<h3 id="m5">com.tests.UpdateProfile_Test#UpdateProfile</h3><table class="result"><tr><th>Exception</th></tr><tr><td><div class="stacktrace">org.openqa.selenium.NoSuchElementException: no such element: Unable to locate element: {&quot;method&quot;:&quot;xpath&quot;,&quot;selector&quot;:&quot;//li[contains(text(),&apos;My Profile&apos;)]&quot;}
  (Session info: headless chrome=88.0.4324.150)
For documentation on this error, please visit: https://www.seleniumhq.org/exceptions/no_such_element.html
Build info: version: &apos;3.141.59&apos;, revision: &apos;e82be7d358&apos;, time: &apos;2018-11-14T08:17:03&apos;
System info: host: &apos;VIBHAKUMARI&apos;, ip: &apos;192.168.1.12&apos;, os.name: &apos;Windows 10&apos;, os.arch: &apos;amd64&apos;, os.version: &apos;10.0&apos;, java.version: &apos;1.8.0_221&apos;
Driver info: org.openqa.selenium.chrome.ChromeDriver
Capabilities {acceptInsecureCerts: false, browserName: chrome, browserVersion: 88.0.4324.150, chrome: {chromedriverVersion: 88.0.4324.96 (68dba2d8a0b14..., userDataDir: C:\Users\VIBHAK~1\AppData\L...}, goog:chromeOptions: {debuggerAddress: localhost:55790}, javascriptEnabled: true, networkConnectionEnabled: false, pageLoadStrategy: normal, platform: WINDOWS, platformName: WINDOWS, proxy: Proxy(), setWindowRect: true, strictFileInteractability: false, timeouts: {implicit: 0, pageLoad: 300000, script: 30000}, unhandledPromptBehavior: dismiss and notify, webauthn:extension:largeBlob: true, webauthn:virtualAuthenticators: true}
Session ID: b92d846e7365b309cffcf2ff8dfdb556
*** Element info: {Using=xpath, value=//li[contains(text(),&apos;My Profile&apos;)]}
	at org.openqa.selenium.remote.http.W3CHttpResponseCodec.createException(W3CHttpResponseCodec.java:187)
	at org.openqa.selenium.remote.http.W3CHttpResponseCodec.decode(W3CHttpResponseCodec.java:122)
	at org.openqa.selenium.remote.http.W3CHttpResponseCodec.decode(W3CHttpResponseCodec.java:49)
	at org.openqa.selenium.remote.HttpCommandExecutor.execute(HttpCommandExecutor.java:158)
	at org.openqa.selenium.remote.service.DriverCommandExecutor.execute(DriverCommandExecutor.java:83)
	at org.openqa.selenium.remote.RemoteWebDriver.execute(RemoteWebDriver.java:552)
	at org.openqa.selenium.remote.RemoteWebDriver.findElement(RemoteWebDriver.java:323)
	at org.openqa.selenium.remote.RemoteWebDriver.findElementByXPath(RemoteWebDriver.java:428)
	at org.openqa.selenium.By$ByXPath.findElement(By.java:353)
	at org.openqa.selenium.remote.RemoteWebDriver.findElement(RemoteWebDriver.java:315)
	at org.openqa.selenium.support.pagefactory.DefaultElementLocator.findElement(DefaultElementLocator.java:69)
	at org.openqa.selenium.support.pagefactory.internal.LocatingElementHandler.invoke(LocatingElementHandler.java:38)
	at com.sun.proxy.$Proxy9.click(Unknown Source)
	at com.Pages.SignIn_Page.clickListProfile(SignIn_Page.java:126)
	at com.tests.UpdateProfile_Test.UpdateProfile(UpdateProfile_Test.java:98)
... Removed 33 stack frames</div></td></tr></table><p class="totop"><a href="#summary">back to summary</a></p>
<h3 id="m6">com.tests.BusHireOperator_Test#BusHireOperator</h3><table class="result"><tr><th class="invisible"/></tr></table><p class="totop"><a href="#summary">back to summary</a></p>
<h3 id="m7">com.tests.SignIn_Test#Valid_SignIn</h3><table class="result"><tr><th class="invisible"/></tr></table><p class="totop"><a href="#summary">back to summary</a></p>
<h3 id="m8">com.tests.Sites_Test#get_Title</h3><table class="result"><tr><th class="invisible"/></tr></table><p class="totop"><a href="#summary">back to summary</a></p>
<h3 id="m9">com.tests.SocialMedia_Test#SocialMedia</h3><table class="result"><tr><th class="invisible"/></tr></table><p class="totop"><a href="#summary">back to summary</a></p>
<h3 id="m10">com.tests.TermsAndCondition_Test#TAndC</h3><table class="result"><tr><th class="invisible"/></tr></table><p class="totop"><a href="#summary">back to summary</a></p>
<h3 id="m11">com.tests.TrackBus_Test#TrackBus</h3><table class="result"><tr><th class="invisible"/></tr></table><p class="totop"><a href="#summary">back to summary</a></p>
</body>
</html>
